TN:
SF:helper.js
FN:1,Object.<anonymous>
FN:1,getOffset
FN:7,emptyOrRows
FN:14,renameKey
FNF:4
FNH:4
FNDA:1,Object.<anonymous>
FNDA:5,getOffset
FNDA:2,emptyOrRows
FNDA:3,renameKey
DA:1,5
DA:2,5
DA:3,5
DA:4,5
DA:5,5
DA:6,1
DA:7,2
DA:8,2
DA:9,1
DA:10,1
DA:11,1
DA:12,2
DA:13,1
DA:14,3
DA:15,3
DA:16,1
DA:17,1
DA:18,1
DA:19,3
DA:20,1
DA:21,1
DA:22,1
DA:23,1
DA:24,1
DA:25,1
LF:25
LH:25
BRDA:1,0,0,1
BRDA:1,1,0,1
BRDA:1,2,0,5
BRDA:3,3,0,3
BRDA:4,4,0,2
BRDA:7,5,0,2
BRDA:8,6,0,1
BRDA:14,7,0,3
BRDA:15,8,0,1
BRF:9
BRH:9
end_of_record
